c:\users\jurajvincur\desktop\busproviders-develop\pwm\pwmpca9685\arm\debug\pch.pch
c:\users\jurajvincur\desktop\busproviders-develop\pwm\pwmpca9685\arm\debug\vc140.pdb
c:\users\jurajvincur\desktop\busproviders-develop\pwm\pwmpca9685\arm\debug\pch.obj
c:\users\jurajvincur\desktop\busproviders-develop\pwm\pwmpca9685\arm\debug\pwmprovider.obj
c:\users\jurajvincur\desktop\busproviders-develop\pwm\pwmpca9685\arm\debug\pwmcontrollerprovider.obj
c:\users\jurajvincur\documents\rasp\git\tcp_pwm\pwmpca9685\arm\debug\pch.pch
c:\users\jurajvincur\documents\rasp\git\tcp_pwm\pwmpca9685\arm\debug\vc140.pdb
c:\users\jurajvincur\documents\rasp\git\tcp_pwm\pwmpca9685\arm\debug\pch.obj
c:\users\jurajvincur\documents\rasp\git\tcp_pwm\pwmpca9685\arm\debug\pwmcontrollerprovider.obj
c:\users\jurajvincur\documents\rasp\git\tcp_pwm\pwmpca9685\arm\debug\pwmprovider.obj
c:\users\jurajvincur\desktop\busproviders-develop\pwm\arm\debug\pwmpca9685\pwmpca9685.ilk
c:\users\jurajvincur\desktop\busproviders-develop\pwm\arm\debug\pwmpca9685\pwmpca9685.dll
c:\users\jurajvincur\desktop\busproviders-develop\pwm\arm\debug\pwmpca9685\pwmpca9685.winmd
c:\users\jurajvincur\desktop\busproviders-develop\pwm\arm\debug\pwmpca9685\pwmpca9685.pdb
c:\users\jurajvincur\documents\rasp\git\tcp_pwm\arm\debug\pwmpca9685\pwmpca9685.ilk
c:\users\jurajvincur\documents\rasp\git\tcp_pwm\arm\debug\pwmpca9685\pwmpca9685.dll
c:\users\jurajvincur\documents\rasp\git\tcp_pwm\arm\debug\pwmpca9685\pwmpca9685.pdb
c:\users\jurajvincur\desktop\busproviders-develop\pwm\arm\debug\pwmpca9685\pwmpca9685.lib
c:\users\jurajvincur\desktop\busproviders-develop\pwm\arm\debug\pwmpca9685\pwmpca9685.exp
c:\users\jurajvincur\desktop\busproviders-develop\pwm\pwmpca9685\arm\debug\priconfig.xml
c:\users\jurajvincur\desktop\busproviders-develop\pwm\pwmpca9685\arm\debug\priconfig.xml.intermediate
c:\users\jurajvincur\desktop\busproviders-develop\pwm\pwmpca9685\arm\debug\layout.resfiles
c:\users\jurajvincur\desktop\busproviders-develop\pwm\pwmpca9685\arm\debug\layout.resfiles.intermediate
c:\users\jurajvincur\desktop\busproviders-develop\pwm\pwmpca9685\arm\debug\resources.resfiles
c:\users\jurajvincur\desktop\busproviders-develop\pwm\pwmpca9685\arm\debug\resources.resfiles.intermediate
c:\users\jurajvincur\desktop\busproviders-develop\pwm\pwmpca9685\arm\debug\pri.resfiles
c:\users\jurajvincur\desktop\busproviders-develop\pwm\pwmpca9685\arm\debug\pri.resfiles.intermediate
c:\users\jurajvincur\desktop\busproviders-develop\pwm\arm\debug\pwmpca9685\pwmpca9685.pri
c:\users\jurajvincur\desktop\busproviders-develop\pwm\pwmpca9685\arm\debug\qualifiers.txt
c:\users\jurajvincur\desktop\busproviders-develop\pwm\pwmpca9685\arm\debug\qualifiers.txt.intermediate
c:\users\jurajvincur\desktop\busproviders-develop\pwm\pwmpca9685\arm\debug\multiplequalifiersperdimensionfound.txt
c:\users\jurajvincur\documents\rasp\git\tcp_pwm\arm\debug\pwmpca9685\pwmpca9685.winmd
c:\users\jurajvincur\documents\rasp\git\tcp_pwm\arm\debug\pwmpca9685\pwmpca9685.lib
c:\users\jurajvincur\documents\rasp\git\tcp_pwm\arm\debug\pwmpca9685\pwmpca9685.exp
c:\users\jurajvincur\documents\rasp\git\tcp_pwm\pwmpca9685\arm\debug\pwmpca9685.vcxprojresolveassemblyreference.cache
c:\users\jurajvincur\documents\rasp\git\tcp_pwm\pwmpca9685\arm\debug\priconfig.xml
c:\users\jurajvincur\documents\rasp\git\tcp_pwm\pwmpca9685\arm\debug\priconfig.xml.intermediate
c:\users\jurajvincur\documents\rasp\git\tcp_pwm\pwmpca9685\arm\debug\layout.resfiles
c:\users\jurajvincur\documents\rasp\git\tcp_pwm\pwmpca9685\arm\debug\layout.resfiles.intermediate
c:\users\jurajvincur\documents\rasp\git\tcp_pwm\pwmpca9685\arm\debug\resources.resfiles
c:\users\jurajvincur\documents\rasp\git\tcp_pwm\pwmpca9685\arm\debug\resources.resfiles.intermediate
c:\users\jurajvincur\documents\rasp\git\tcp_pwm\pwmpca9685\arm\debug\pri.resfiles
c:\users\jurajvincur\documents\rasp\git\tcp_pwm\pwmpca9685\arm\debug\pri.resfiles.intermediate
c:\users\jurajvincur\documents\rasp\git\tcp_pwm\arm\debug\pwmpca9685\pwmpca9685.pri
c:\users\jurajvincur\documents\rasp\git\tcp_pwm\pwmpca9685\arm\debug\qualifiers.txt
c:\users\jurajvincur\documents\rasp\git\tcp_pwm\pwmpca9685\arm\debug\qualifiers.txt.intermediate
c:\users\jurajvincur\documents\rasp\git\tcp_pwm\pwmpca9685\arm\debug\multiplequalifiersperdimensionfound.txt
c:\users\jurajvincur\documents\rasp\git\tcp_pwm\pwmpca9685\arm\debug\embed.resfiles
c:\users\jurajvincur\documents\rasp\git\tcp_pwm\pwmpca9685\arm\debug\pwmpca9685.tlog\cl.command.1.tlog
c:\users\jurajvincur\documents\rasp\git\tcp_pwm\pwmpca9685\arm\debug\pwmpca9685.tlog\cl.read.1.tlog
c:\users\jurajvincur\documents\rasp\git\tcp_pwm\pwmpca9685\arm\debug\pwmpca9685.tlog\cl.write.1.tlog
c:\users\jurajvincur\documents\rasp\git\tcp_pwm\pwmpca9685\arm\debug\pwmpca9685.tlog\link.command.1.tlog
c:\users\jurajvincur\documents\rasp\git\tcp_pwm\pwmpca9685\arm\debug\pwmpca9685.tlog\link.read.1.tlog
c:\users\jurajvincur\documents\rasp\git\tcp_pwm\pwmpca9685\arm\debug\pwmpca9685.tlog\link.write.1.tlog
c:\users\jurajvincur\documents\rasp\git\tcp_pwm\pwmpca9685\arm\debug\pwmpca9685.tlog\pwmpca9685.read.1u.tlog
c:\users\jurajvincur\documents\rasp\git\tcp_pwm\pwmpca9685\arm\debug\pwmpca9685.tlog\pwmpca9685.write.1u.tlog
