c:\users\jurajvincur\desktop\busproviders-develop\pwm\pwmsoftware\arm\debug\pch.pch
c:\users\jurajvincur\desktop\busproviders-develop\pwm\pwmsoftware\arm\debug\vc140.pdb
c:\users\jurajvincur\desktop\busproviders-develop\pwm\pwmsoftware\arm\debug\pch.obj
c:\users\jurajvincur\desktop\busproviders-develop\pwm\pwmsoftware\arm\debug\pwmprovider.obj
c:\users\jurajvincur\desktop\busproviders-develop\pwm\pwmsoftware\arm\debug\pwmcontrollerprovider.obj
c:\users\jurajvincur\documents\rasp\git\tcp_pwm\pwmsoftware\arm\debug\pch.pch
c:\users\jurajvincur\documents\rasp\git\tcp_pwm\pwmsoftware\arm\debug\vc140.pdb
c:\users\jurajvincur\documents\rasp\git\tcp_pwm\pwmsoftware\arm\debug\pch.obj
c:\users\jurajvincur\documents\rasp\git\tcp_pwm\pwmsoftware\arm\debug\pwmcontrollerprovider.obj
c:\users\jurajvincur\documents\rasp\git\tcp_pwm\pwmsoftware\arm\debug\pwmprovider.obj
c:\users\jurajvincur\desktop\busproviders-develop\pwm\arm\debug\pwmsoftware\pwmsoftware.ilk
c:\users\jurajvincur\desktop\busproviders-develop\pwm\arm\debug\pwmsoftware\pwmsoftware.dll
c:\users\jurajvincur\desktop\busproviders-develop\pwm\arm\debug\pwmsoftware\pwmsoftware.winmd
c:\users\jurajvincur\desktop\busproviders-develop\pwm\arm\debug\pwmsoftware\pwmsoftware.pdb
c:\users\jurajvincur\documents\rasp\git\tcp_pwm\arm\debug\pwmsoftware\pwmsoftware.ilk
c:\users\jurajvincur\documents\rasp\git\tcp_pwm\arm\debug\pwmsoftware\pwmsoftware.dll
c:\users\jurajvincur\documents\rasp\git\tcp_pwm\arm\debug\pwmsoftware\pwmsoftware.pdb
c:\users\jurajvincur\desktop\busproviders-develop\pwm\arm\debug\pwmsoftware\pwmsoftware.lib
c:\users\jurajvincur\desktop\busproviders-develop\pwm\arm\debug\pwmsoftware\pwmsoftware.exp
c:\users\jurajvincur\desktop\busproviders-develop\pwm\pwmsoftware\arm\debug\priconfig.xml
c:\users\jurajvincur\desktop\busproviders-develop\pwm\pwmsoftware\arm\debug\priconfig.xml.intermediate
c:\users\jurajvincur\desktop\busproviders-develop\pwm\pwmsoftware\arm\debug\layout.resfiles
c:\users\jurajvincur\desktop\busproviders-develop\pwm\pwmsoftware\arm\debug\layout.resfiles.intermediate
c:\users\jurajvincur\desktop\busproviders-develop\pwm\pwmsoftware\arm\debug\resources.resfiles
c:\users\jurajvincur\desktop\busproviders-develop\pwm\pwmsoftware\arm\debug\resources.resfiles.intermediate
c:\users\jurajvincur\desktop\busproviders-develop\pwm\pwmsoftware\arm\debug\pri.resfiles
c:\users\jurajvincur\desktop\busproviders-develop\pwm\pwmsoftware\arm\debug\pri.resfiles.intermediate
c:\users\jurajvincur\desktop\busproviders-develop\pwm\arm\debug\pwmsoftware\pwmsoftware.pri
c:\users\jurajvincur\desktop\busproviders-develop\pwm\pwmsoftware\arm\debug\qualifiers.txt
c:\users\jurajvincur\desktop\busproviders-develop\pwm\pwmsoftware\arm\debug\qualifiers.txt.intermediate
c:\users\jurajvincur\desktop\busproviders-develop\pwm\pwmsoftware\arm\debug\multiplequalifiersperdimensionfound.txt
c:\users\jurajvincur\documents\rasp\git\tcp_pwm\arm\debug\pwmsoftware\pwmsoftware.winmd
c:\users\jurajvincur\documents\rasp\git\tcp_pwm\arm\debug\pwmsoftware\pwmsoftware.lib
c:\users\jurajvincur\documents\rasp\git\tcp_pwm\arm\debug\pwmsoftware\pwmsoftware.exp
c:\users\jurajvincur\documents\rasp\git\tcp_pwm\pwmsoftware\arm\debug\pwmsoftware.vcxprojresolveassemblyreference.cache
c:\users\jurajvincur\documents\rasp\git\tcp_pwm\pwmsoftware\arm\debug\priconfig.xml
c:\users\jurajvincur\documents\rasp\git\tcp_pwm\pwmsoftware\arm\debug\priconfig.xml.intermediate
c:\users\jurajvincur\documents\rasp\git\tcp_pwm\pwmsoftware\arm\debug\layout.resfiles
c:\users\jurajvincur\documents\rasp\git\tcp_pwm\pwmsoftware\arm\debug\layout.resfiles.intermediate
c:\users\jurajvincur\documents\rasp\git\tcp_pwm\pwmsoftware\arm\debug\resources.resfiles
c:\users\jurajvincur\documents\rasp\git\tcp_pwm\pwmsoftware\arm\debug\resources.resfiles.intermediate
c:\users\jurajvincur\documents\rasp\git\tcp_pwm\pwmsoftware\arm\debug\pri.resfiles
c:\users\jurajvincur\documents\rasp\git\tcp_pwm\pwmsoftware\arm\debug\pri.resfiles.intermediate
c:\users\jurajvincur\documents\rasp\git\tcp_pwm\arm\debug\pwmsoftware\pwmsoftware.pri
c:\users\jurajvincur\documents\rasp\git\tcp_pwm\pwmsoftware\arm\debug\qualifiers.txt
c:\users\jurajvincur\documents\rasp\git\tcp_pwm\pwmsoftware\arm\debug\qualifiers.txt.intermediate
c:\users\jurajvincur\documents\rasp\git\tcp_pwm\pwmsoftware\arm\debug\multiplequalifiersperdimensionfound.txt
c:\users\jurajvincur\documents\rasp\git\tcp_pwm\pwmsoftware\arm\debug\embed.resfiles
c:\users\jurajvincur\documents\rasp\git\tcp_pwm\pwmsoftware\arm\debug\pwmsoftware.tlog\cl.command.1.tlog
c:\users\jurajvincur\documents\rasp\git\tcp_pwm\pwmsoftware\arm\debug\pwmsoftware.tlog\cl.read.1.tlog
c:\users\jurajvincur\documents\rasp\git\tcp_pwm\pwmsoftware\arm\debug\pwmsoftware.tlog\cl.write.1.tlog
c:\users\jurajvincur\documents\rasp\git\tcp_pwm\pwmsoftware\arm\debug\pwmsoftware.tlog\link.command.1.tlog
c:\users\jurajvincur\documents\rasp\git\tcp_pwm\pwmsoftware\arm\debug\pwmsoftware.tlog\link.read.1.tlog
c:\users\jurajvincur\documents\rasp\git\tcp_pwm\pwmsoftware\arm\debug\pwmsoftware.tlog\link.write.1.tlog
c:\users\jurajvincur\documents\rasp\git\tcp_pwm\pwmsoftware\arm\debug\pwmsoftware.tlog\pwmsoftware.read.1u.tlog
c:\users\jurajvincur\documents\rasp\git\tcp_pwm\pwmsoftware\arm\debug\pwmsoftware.tlog\pwmsoftware.write.1u.tlog
